# JRE version: OpenJDK Runtime Environment (11.0.13) (build 11.0.13+0-b1751.21-8125866)
# Java VM: OpenJDK 64-Bit Server VM (11.0.13+0-b1751.21-8125866, mixed mode, tiered, compressed oops, g1 gc, windows-amd64)
Heap:
 garbage-first heap   total 388096K, used 223744K [0x0000000080000000, 0x0000000100000000)
  region size 1024K, 3 young (3072K), 3 survivors (3072K)
 Metaspace       used 101743K, capacity 104225K, committed 104332K, reserved 1140736K
  class space    used 13073K, capacity 13973K, committed 14028K, reserved 1048576K
GC Heap History (20 events):
Event: 29.063 GC heap after
{Heap after GC invocations=23 (full 0):
 garbage-first heap   total 227328K, used 98040K [0x0000000080000000, 0x0000000100000000)
  region size 1024K, 10 young (10240K), 10 survivors (10240K)
 Metaspace       used 92200K, capacity 94457K, committed 94732K, reserved 1132544K
  class space    used 11695K, capacity 12516K, committed 12620K, reserved 1048576K
}
Event: 31.127 GC heap before
{Heap before GC invocations=23 (full 0):
 garbage-first heap   total 227328K, used 171768K [0x0000000080000000, 0x0000000100000000)
  region size 1024K, 83 young (84992K), 10 survivors (10240K)
 Metaspace       used 94270K, capacity 96483K, committed 96780K, reserved 1132544K
  class space    used 11974K, capacity 12804K, committed 12876K, reserved 1048576K
}
Event: 31.154 GC heap after
{Heap after GC invocations=24 (full 0):
 garbage-first heap   total 227328K, used 100543K [0x0000000080000000, 0x0000000100000000)
  region size 1024K, 8 young (8192K), 8 survivors (8192K)
 Metaspace       used 94270K, capacity 96483K, committed 96780K, reserved 1132544K
  class space    used 11974K, capacity 12804K, committed 12876K, reserved 1048576K
}
Event: 32.338 GC heap before
{Heap before GC invocations=24 (full 0):
 garbage-first heap   total 227328K, used 175295K [0x0000000080000000, 0x0000000100000000)
  region size 1024K, 82 young (83968K), 8 survivors (8192K)
 Metaspace       used 96052K, capacity 98346K, committed 98444K, reserved 1134592K
  class space    used 12159K, capacity 12952K, committed 13004K, reserved 1048576K
}
Event: 32.365 GC heap after
{Heap after GC invocations=25 (full 0):
 garbage-first heap   total 227328K, used 105472K [0x0000000080000000, 0x0000000100000000)
  region size 1024K, 8 young (8192K), 8 survivors (8192K)
 Metaspace       used 96052K, capacity 98346K, committed 98444K, reserved 1134592K
  class space    used 12159K, capacity 12952K, committed 13004K, reserved 1048576K
}
Event: 32.457 GC heap before
{Heap before GC invocations=25 (full 0):
 garbage-first heap   total 227328K, used 117760K [0x0000000080000000, 0x0000000100000000)
  region size 1024K, 17 young (17408K), 8 survivors (8192K)
 Metaspace       used 96132K, capacity 98448K, committed 98700K, reserved 1134592K
  class space    used 12167K, capacity 12985K, committed 13004K, reserved 1048576K
}
Event: 32.476 GC heap after
{Heap after GC invocations=26 (full 0):
 garbage-first heap   total 227328K, used 112262K [0x0000000080000000, 0x0000000100000000)
  region size 1024K, 7 young (7168K), 7 survivors (7168K)
 Metaspace       used 96132K, capacity 98448K, committed 98700K, reserved 1134592K
  class space    used 12167K, capacity 12985K, committed 13004K, reserved 1048576K
}
Event: 33.211 GC heap before
{Heap before GC invocations=27 (full 0):
 garbage-first heap   total 227328K, used 124550K [0x0000000080000000, 0x0000000100000000)
  region size 1024K, 16 young (16384K), 7 survivors (7168K)
 Metaspace       used 96124K, capacity 98390K, committed 98700K, reserved 1134592K
  class space    used 12156K, capacity 12965K, committed 13004K, reserved 1048576K
}
Event: 33.228 GC heap after
{Heap after GC invocations=28 (full 0):
 garbage-first heap   total 227328K, used 123426K [0x0000000080000000, 0x0000000100000000)
  region size 1024K, 8 young (8192K), 8 survivors (8192K)
 Metaspace       used 96124K, capacity 98390K, committed 98700K, reserved 1134592K
  class space    used 12156K, capacity 12965K, committed 13004K, reserved 1048576K
}
Event: 34.137 GC heap before
{Heap before GC invocations=29 (full 0):
 garbage-first heap   total 227328K, used 210466K [0x0000000080000000, 0x0000000100000000)
  region size 1024K, 56 young (57344K), 8 survivors (8192K)
 Metaspace       used 99315K, capacity 101639K, committed 101772K, reserved 1138688K
  class space    used 12611K, capacity 13454K, committed 13516K, reserved 1048576K
}
Event: 34.162 GC heap after
{Heap after GC invocations=30 (full 0):
 garbage-first heap   total 234496K, used 156672K [0x0000000080000000, 0x0000000100000000)
  region size 1024K, 7 young (7168K), 7 survivors (7168K)
 Metaspace       used 99315K, capacity 101639K, committed 101772K, reserved 1138688K
  class space    used 12611K, capacity 13454K, committed 13516K, reserved 1048576K
}
Event: 34.640 GC heap before
{Heap before GC invocations=30 (full 0):
 garbage-first heap   total 234496K, used 179200K [0x0000000080000000, 0x0000000100000000)
  region size 1024K, 31 young (31744K), 7 survivors (7168K)
 Metaspace       used 99318K, capacity 101639K, committed 101772K, reserved 1138688K
  class space    used 12611K, capacity 13454K, committed 13516K, reserved 1048576K
}
Event: 34.677 GC heap after
{Heap after GC invocations=31 (full 0):
 garbage-first heap   total 281600K, used 166618K [0x0000000080000000, 0x0000000100000000)
  region size 1024K, 5 young (5120K), 5 survivors (5120K)
 Metaspace       used 99318K, capacity 101639K, committed 101772K, reserved 1138688K
  class space    used 12611K, capacity 13454K, committed 13516K, reserved 1048576K
}
Event: 35.468 GC heap before
{Heap before GC invocations=32 (full 0):
 garbage-first heap   total 281600K, used 212698K [0x0000000080000000, 0x0000000100000000)
  region size 1024K, 47 young (48128K), 5 survivors (5120K)
 Metaspace       used 101402K, capacity 103836K, committed 104076K, reserved 1138688K
  class space    used 13050K, capacity 13935K, committed 14028K, reserved 1048576K
}
Event: 35.545 GC heap after
{Heap after GC invocations=33 (full 0):
 garbage-first heap   total 281600K, used 185703K [0x0000000080000000, 0x0000000100000000)
  region size 1024K, 6 young (6144K), 6 survivors (6144K)
 Metaspace       used 101402K, capacity 103836K, committed 104076K, reserved 1138688K
  class space    used 13050K, capacity 13935K, committed 14028K, reserved 1048576K
}
Event: 35.958 GC heap before
{Heap before GC invocations=33 (full 0):
 garbage-first heap   total 281600K, used 218471K [0x0000000080000000, 0x0000000100000000)
  region size 1024K, 39 young (39936K), 6 survivors (6144K)
 Metaspace       used 101700K, capacity 104160K, committed 104332K, reserved 1140736K
  class space    used 13073K, capacity 13973K, committed 14028K, reserved 1048576K
}
Event: 36.025 GC heap after
{Heap after GC invocations=34 (full 0):
 garbage-first heap   total 281600K, used 202240K [0x0000000080000000, 0x0000000100000000)
  region size 1024K, 5 young (5120K), 5 survivors (5120K)
 Metaspace       used 101700K, capacity 104160K, committed 104332K, reserved 1140736K
  class space    used 13073K, capacity 13973K, committed 14028K, reserved 1048576K
}
Event: 36.582 GC heap before
{Heap before GC invocations=34 (full 0):
 garbage-first heap   total 281600K, used 225792K [0x0000000080000000, 0x0000000100000000)
  region size 1024K, 29 young (29696K), 5 survivors (5120K)
 Metaspace       used 101742K, capacity 104225K, committed 104332K, reserved 1140736K
  class space    used 13073K, capacity 13973K, committed 14028K, reserved 1048576K
}
Event: 36.623 GC heap after
{Heap after GC invocations=35 (full 0):
 garbage-first heap   total 281600K, used 215552K [0x0000000080000000, 0x0000000100000000)
  region size 1024K, 4 young (4096K), 4 survivors (4096K)
 Metaspace       used 101742K, capacity 104225K, committed 104332K, reserved 1140736K
  class space    used 13073K, capacity 13973K, committed 14028K, reserved 1048576K
}
Event: 36.904 GC heap before
{Heap before GC invocations=35 (full 0):
 garbage-first heap   total 281600K, used 231936K [0x0000000080000000, 0x0000000100000000)
  region size 1024K, 21 young (21504K), 4 survivors (4096K)
 Metaspace       used 101743K, capacity 104225K, committed 104332K, reserved 1140736K
  class space    used 13073K, capacity 13973K, committed 14028K, reserved 1048576K
}

