# JRE version: OpenJDK Runtime Environment (11.0.13) (build 11.0.13+0-b1751.21-8125866)
# Java VM: OpenJDK 64-Bit Server VM (11.0.13+0-b1751.21-8125866, mixed mode, tiered, compressed oops, g1 gc, windows-amd64)
Heap:
 garbage-first heap   total 546816K, used 211968K [0x0000000080000000, 0x0000000100000000)
  region size 1024K, 3 young (3072K), 3 survivors (3072K)
 Metaspace       used 123371K, capacity 125938K, committed 126172K, reserved 1159168K
  class space    used 15042K, capacity 15977K, committed 16000K, reserved 1048576K
GC Heap History (20 events):
Event: 196.064 GC heap after
{Heap after GC invocations=62 (full 0):
 garbage-first heap   total 227328K, used 190940K [0x0000000080000000, 0x0000000100000000)
  region size 1024K, 3 young (3072K), 3 survivors (3072K)
 Metaspace       used 118698K, capacity 121306K, committed 121436K, reserved 1155072K
  class space    used 14317K, capacity 15243K, committed 15360K, reserved 1048576K
}
Event: 196.285 GC heap before
{Heap before GC invocations=63 (full 0):
 garbage-first heap   total 227328K, used 199132K [0x0000000080000000, 0x0000000100000000)
  region size 1024K, 11 young (11264K), 3 survivors (3072K)
 Metaspace       used 118760K, capacity 121311K, committed 121436K, reserved 1155072K
  class space    used 14323K, capacity 15243K, committed 15360K, reserved 1048576K
}
Event: 196.296 GC heap after
{Heap after GC invocations=64 (full 0):
 garbage-first heap   total 227328K, used 194015K [0x0000000080000000, 0x0000000100000000)
  region size 1024K, 2 young (2048K), 2 survivors (2048K)
 Metaspace       used 118760K, capacity 121311K, committed 121436K, reserved 1155072K
  class space    used 14323K, capacity 15243K, committed 15360K, reserved 1048576K
}
Event: 196.381 GC heap before
{Heap before GC invocations=64 (full 0):
 garbage-first heap   total 227328K, used 202207K [0x0000000080000000, 0x0000000100000000)
  region size 1024K, 11 young (11264K), 2 survivors (2048K)
 Metaspace       used 118778K, capacity 121375K, committed 121692K, reserved 1155072K
  class space    used 14326K, capacity 15243K, committed 15360K, reserved 1048576K
}
Event: 196.407 GC heap after
{Heap after GC invocations=65 (full 0):
 garbage-first heap   total 227328K, used 174988K [0x0000000080000000, 0x0000000100000000)
  region size 1024K, 2 young (2048K), 2 survivors (2048K)
 Metaspace       used 118778K, capacity 121375K, committed 121692K, reserved 1155072K
  class space    used 14326K, capacity 15243K, committed 15360K, reserved 1048576K
}
Event: 196.554 GC heap before
{Heap before GC invocations=65 (full 0):
 garbage-first heap   total 227328K, used 187276K [0x0000000080000000, 0x0000000100000000)
  region size 1024K, 15 young (15360K), 2 survivors (2048K)
 Metaspace       used 118879K, capacity 121439K, committed 121692K, reserved 1155072K
  class space    used 14335K, capacity 15243K, committed 15360K, reserved 1048576K
}
Event: 196.577 GC heap after
{Heap after GC invocations=66 (full 0):
 garbage-first heap   total 227328K, used 180383K [0x0000000080000000, 0x0000000100000000)
  region size 1024K, 2 young (2048K), 2 survivors (2048K)
 Metaspace       used 118879K, capacity 121439K, committed 121692K, reserved 1155072K
  class space    used 14335K, capacity 15243K, committed 15360K, reserved 1048576K
}
Event: 196.665 GC heap before
{Heap before GC invocations=66 (full 0):
 garbage-first heap   total 227328K, used 190623K [0x0000000080000000, 0x0000000100000000)
  region size 1024K, 13 young (13312K), 2 survivors (2048K)
 Metaspace       used 119177K, capacity 121727K, committed 121948K, reserved 1157120K
  class space    used 14366K, capacity 15275K, committed 15360K, reserved 1048576K
}
Event: 196.686 GC heap after
{Heap after GC invocations=67 (full 0):
 garbage-first heap   total 227328K, used 183748K [0x0000000080000000, 0x0000000100000000)
  region size 1024K, 2 young (2048K), 2 survivors (2048K)
 Metaspace       used 119177K, capacity 121727K, committed 121948K, reserved 1157120K
  class space    used 14366K, capacity 15275K, committed 15360K, reserved 1048576K
}
Event: 196.789 GC heap before
{Heap before GC invocations=67 (full 0):
 garbage-first heap   total 227328K, used 192964K [0x0000000080000000, 0x0000000100000000)
  region size 1024K, 12 young (12288K), 2 survivors (2048K)
 Metaspace       used 119469K, capacity 122015K, committed 122204K, reserved 1157120K
  class space    used 14395K, capacity 15307K, committed 15360K, reserved 1048576K
}
Event: 196.807 GC heap after
{Heap after GC invocations=68 (full 0):
 garbage-first heap   total 227328K, used 186118K [0x0000000080000000, 0x0000000100000000)
  region size 1024K, 2 young (2048K), 2 survivors (2048K)
 Metaspace       used 119469K, capacity 122015K, committed 122204K, reserved 1157120K
  class space    used 14395K, capacity 15307K, committed 15360K, reserved 1048576K
}
Event: 196.970 GC heap before
{Heap before GC invocations=68 (full 0):
 garbage-first heap   total 227328K, used 197382K [0x0000000080000000, 0x0000000100000000)
  region size 1024K, 11 young (11264K), 2 survivors (2048K)
 Metaspace       used 119618K, capacity 122175K, committed 122204K, reserved 1157120K
  class space    used 14418K, capacity 15339K, committed 15360K, reserved 1048576K
}
Event: 196.993 GC heap after
{Heap after GC invocations=69 (full 0):
 garbage-first heap   total 273408K, used 191049K [0x0000000080000000, 0x0000000100000000)
  region size 1024K, 2 young (2048K), 2 survivors (2048K)
 Metaspace       used 119618K, capacity 122175K, committed 122204K, reserved 1157120K
  class space    used 14418K, capacity 15339K, committed 15360K, reserved 1048576K
}
Event: 197.551 GC heap before
{Heap before GC invocations=69 (full 0):
 garbage-first heap   total 273408K, used 212553K [0x0000000080000000, 0x0000000100000000)
  region size 1024K, 23 young (23552K), 2 survivors (2048K)
 Metaspace       used 120022K, capacity 122591K, committed 122844K, reserved 1157120K
  class space    used 14460K, capacity 15371K, committed 15488K, reserved 1048576K
}
Event: 197.589 GC heap after
{Heap after GC invocations=70 (full 0):
 garbage-first heap   total 273408K, used 197632K [0x0000000080000000, 0x0000000100000000)
  region size 1024K, 3 young (3072K), 3 survivors (3072K)
 Metaspace       used 120022K, capacity 122591K, committed 122844K, reserved 1157120K
  class space    used 14460K, capacity 15371K, committed 15488K, reserved 1048576K
}
Event: 197.916 GC heap before
{Heap before GC invocations=71 (full 0):
 garbage-first heap   total 273408K, used 219136K [0x0000000080000000, 0x0000000100000000)
  region size 1024K, 23 young (23552K), 3 survivors (3072K)
 Metaspace       used 120847K, capacity 123352K, committed 123612K, reserved 1157120K
  class space    used 14552K, capacity 15456K, committed 15488K, reserved 1048576K
}
Event: 197.956 GC heap after
{Heap after GC invocations=72 (full 0):
 garbage-first heap   total 273408K, used 206516K [0x0000000080000000, 0x0000000100000000)
  region size 1024K, 3 young (3072K), 3 survivors (3072K)
 Metaspace       used 120847K, capacity 123352K, committed 123612K, reserved 1157120K
  class space    used 14552K, capacity 15456K, committed 15488K, reserved 1048576K
}
Event: 198.115 GC heap before
{Heap before GC invocations=72 (full 0):
 garbage-first heap   total 273408K, used 216756K [0x0000000080000000, 0x0000000100000000)
  region size 1024K, 13 young (13312K), 3 survivors (3072K)
 Metaspace       used 122117K, capacity 124649K, committed 124764K, reserved 1159168K
  class space    used 14883K, capacity 15783K, committed 15872K, reserved 1048576K
}
Event: 198.146 GC heap after
{Heap after GC invocations=73 (full 0):
 garbage-first heap   total 273408K, used 206268K [0x0000000080000000, 0x0000000100000000)
  region size 1024K, 2 young (2048K), 2 survivors (2048K)
 Metaspace       used 122117K, capacity 124649K, committed 124764K, reserved 1159168K
  class space    used 14883K, capacity 15783K, committed 15872K, reserved 1048576K
}
Event: 198.558 GC heap before
{Heap before GC invocations=73 (full 0):
 garbage-first heap   total 273408K, used 223676K [0x0000000080000000, 0x0000000100000000)
  region size 1024K, 19 young (19456K), 2 survivors (2048K)
 Metaspace       used 123371K, capacity 125938K, committed 126172K, reserved 1159168K
  class space    used 15042K, capacity 15977K, committed 16000K, reserved 1048576K
}

