# JRE version: OpenJDK Runtime Environment (11.0.13) (build 11.0.13+0-b1751.21-8125866)
# Java VM: OpenJDK 64-Bit Server VM (11.0.13+0-b1751.21-8125866, mixed mode, tiered, compressed oops, g1 gc, windows-amd64)
Heap:
 garbage-first heap   total 402432K, used 225240K [0x0000000080000000, 0x0000000100000000)
  region size 1024K, 2 young (2048K), 2 survivors (2048K)
 Metaspace       used 103521K, capacity 105941K, committed 106228K, reserved 1140736K
  class space    used 13267K, capacity 14151K, committed 14208K, reserved 1048576K
GC Heap History (20 events):
Event: 35.439 GC heap after
{Heap after GC invocations=28 (full 0):
 garbage-first heap   total 227328K, used 112886K [0x0000000080000000, 0x0000000100000000)
  region size 1024K, 7 young (7168K), 7 survivors (7168K)
 Metaspace       used 97283K, capacity 99635K, committed 99828K, reserved 1136640K
  class space    used 12313K, capacity 13166K, committed 13184K, reserved 1048576K
}
Event: 36.782 GC heap before
{Heap before GC invocations=29 (full 0):
 garbage-first heap   total 227328K, used 144630K [0x0000000080000000, 0x0000000100000000)
  region size 1024K, 39 young (39936K), 7 survivors (7168K)
 Metaspace       used 97953K, capacity 100254K, committed 100468K, reserved 1136640K
  class space    used 12362K, capacity 13169K, committed 13312K, reserved 1048576K
}
Event: 36.811 GC heap after
{Heap after GC invocations=30 (full 0):
 garbage-first heap   total 227328K, used 120391K [0x0000000080000000, 0x0000000100000000)
  region size 1024K, 8 young (8192K), 8 survivors (8192K)
 Metaspace       used 97953K, capacity 100254K, committed 100468K, reserved 1136640K
  class space    used 12362K, capacity 13169K, committed 13312K, reserved 1048576K
}
Event: 37.859 GC heap before
{Heap before GC invocations=31 (full 0):
 garbage-first heap   total 227328K, used 140871K [0x0000000080000000, 0x0000000100000000)
  region size 1024K, 22 young (22528K), 8 survivors (8192K)
 Metaspace       used 100781K, capacity 103161K, committed 103412K, reserved 1138688K
  class space    used 12760K, capacity 13587K, committed 13696K, reserved 1048576K
}
Event: 37.877 GC heap after
{Heap after GC invocations=32 (full 0):
 garbage-first heap   total 227328K, used 132678K [0x0000000080000000, 0x0000000100000000)
  region size 1024K, 5 young (5120K), 5 survivors (5120K)
 Metaspace       used 100781K, capacity 103161K, committed 103412K, reserved 1138688K
  class space    used 12760K, capacity 13587K, committed 13696K, reserved 1048576K
}
Event: 38.521 GC heap before
{Heap before GC invocations=32 (full 0):
 garbage-first heap   total 227328K, used 207430K [0x0000000080000000, 0x0000000100000000)
  region size 1024K, 45 young (46080K), 5 survivors (5120K)
 Metaspace       used 101112K, capacity 103457K, committed 103668K, reserved 1138688K
  class space    used 12803K, capacity 13621K, committed 13696K, reserved 1048576K
}
Event: 38.548 GC heap after
{Heap after GC invocations=33 (full 0):
 garbage-first heap   total 228352K, used 161176K [0x0000000080000000, 0x0000000100000000)
  region size 1024K, 6 young (6144K), 6 survivors (6144K)
 Metaspace       used 101112K, capacity 103457K, committed 103668K, reserved 1138688K
  class space    used 12803K, capacity 13621K, committed 13696K, reserved 1048576K
}
Event: 38.880 GC heap before
{Heap before GC invocations=34 (full 0):
 garbage-first heap   total 228352K, used 178584K [0x0000000080000000, 0x0000000100000000)
  region size 1024K, 25 young (25600K), 6 survivors (6144K)
 Metaspace       used 101112K, capacity 103457K, committed 103668K, reserved 1138688K
  class space    used 12803K, capacity 13621K, committed 13696K, reserved 1048576K
}
Event: 38.910 GC heap after
{Heap after GC invocations=35 (full 0):
 garbage-first heap   total 228352K, used 168826K [0x0000000080000000, 0x0000000100000000)
  region size 1024K, 4 young (4096K), 4 survivors (4096K)
 Metaspace       used 101112K, capacity 103457K, committed 103668K, reserved 1138688K
  class space    used 12803K, capacity 13621K, committed 13696K, reserved 1048576K
}
Event: 39.174 GC heap before
{Heap before GC invocations=35 (full 0):
 garbage-first heap   total 228352K, used 189306K [0x0000000080000000, 0x0000000100000000)
  region size 1024K, 22 young (22528K), 4 survivors (4096K)
 Metaspace       used 101112K, capacity 103457K, committed 103668K, reserved 1138688K
  class space    used 12803K, capacity 13621K, committed 13696K, reserved 1048576K
}
Event: 39.211 GC heap after
{Heap after GC invocations=36 (full 0):
 garbage-first heap   total 228352K, used 178822K [0x0000000080000000, 0x0000000100000000)
  region size 1024K, 3 young (3072K), 3 survivors (3072K)
 Metaspace       used 101112K, capacity 103457K, committed 103668K, reserved 1138688K
  class space    used 12803K, capacity 13621K, committed 13696K, reserved 1048576K
}
Event: 39.302 GC heap before
{Heap before GC invocations=36 (full 0):
 garbage-first heap   total 228352K, used 191110K [0x0000000080000000, 0x0000000100000000)
  region size 1024K, 16 young (16384K), 3 survivors (3072K)
 Metaspace       used 101112K, capacity 103457K, committed 103668K, reserved 1138688K
  class space    used 12803K, capacity 13621K, committed 13696K, reserved 1048576K
}
Event: 39.331 GC heap after
{Heap after GC invocations=37 (full 0):
 garbage-first heap   total 274432K, used 184320K [0x0000000080000000, 0x0000000100000000)
  region size 1024K, 2 young (2048K), 2 survivors (2048K)
 Metaspace       used 101112K, capacity 103457K, committed 103668K, reserved 1138688K
  class space    used 12803K, capacity 13621K, committed 13696K, reserved 1048576K
}
Event: 40.066 GC heap before
{Heap before GC invocations=38 (full 0):
 garbage-first heap   total 274432K, used 215040K [0x0000000080000000, 0x0000000100000000)
  region size 1024K, 30 young (30720K), 2 survivors (2048K)
 Metaspace       used 103449K, capacity 105871K, committed 105972K, reserved 1140736K
  class space    used 13267K, capacity 14151K, committed 14208K, reserved 1048576K
}
Event: 40.113 GC heap after
{Heap after GC invocations=39 (full 0):
 garbage-first heap   total 274432K, used 198360K [0x0000000080000000, 0x0000000100000000)
  region size 1024K, 4 young (4096K), 4 survivors (4096K)
 Metaspace       used 103449K, capacity 105871K, committed 105972K, reserved 1140736K
  class space    used 13267K, capacity 14151K, committed 14208K, reserved 1048576K
}
Event: 40.326 GC heap before
{Heap before GC invocations=39 (full 0):
 garbage-first heap   total 274432K, used 221912K [0x0000000080000000, 0x0000000100000000)
  region size 1024K, 27 young (27648K), 4 survivors (4096K)
 Metaspace       used 103470K, capacity 105938K, committed 106228K, reserved 1140736K
  class space    used 13267K, capacity 14151K, committed 14208K, reserved 1048576K
}
Event: 40.388 GC heap after
{Heap after GC invocations=40 (full 0):
 garbage-first heap   total 274432K, used 210335K [0x0000000080000000, 0x0000000100000000)
  region size 1024K, 4 young (4096K), 4 survivors (4096K)
 Metaspace       used 103470K, capacity 105938K, committed 106228K, reserved 1140736K
  class space    used 13267K, capacity 14151K, committed 14208K, reserved 1048576K
}
Event: 41.028 GC heap before
{Heap before GC invocations=40 (full 0):
 garbage-first heap   total 274432K, used 227743K [0x0000000080000000, 0x0000000100000000)
  region size 1024K, 21 young (21504K), 4 survivors (4096K)
 Metaspace       used 103520K, capacity 105941K, committed 106228K, reserved 1140736K
  class space    used 13267K, capacity 14151K, committed 14208K, reserved 1048576K
}
Event: 41.059 GC heap after
{Heap after GC invocations=41 (full 0):
 garbage-first heap   total 274432K, used 219648K [0x0000000080000000, 0x0000000100000000)
  region size 1024K, 3 young (3072K), 3 survivors (3072K)
 Metaspace       used 103520K, capacity 105941K, committed 106228K, reserved 1140736K
  class space    used 13267K, capacity 14151K, committed 14208K, reserved 1048576K
}
Event: 41.278 GC heap before
{Heap before GC invocations=41 (full 0):
 garbage-first heap   total 274432K, used 230912K [0x0000000080000000, 0x0000000100000000)
  region size 1024K, 15 young (15360K), 3 survivors (3072K)
 Metaspace       used 103521K, capacity 105941K, committed 106228K, reserved 1140736K
  class space    used 13267K, capacity 14151K, committed 14208K, reserved 1048576K
}

