# JRE version: OpenJDK Runtime Environment (11.0.13) (build 11.0.13+0-b1751.21-8125866)
# Java VM: OpenJDK 64-Bit Server VM (11.0.13+0-b1751.21-8125866, mixed mode, tiered, compressed oops, g1 gc, windows-amd64)
Heap:
 garbage-first heap   total 403456K, used 224768K [0x0000000080000000, 0x0000000100000000)
  region size 1024K, 3 young (3072K), 3 survivors (3072K)
 Metaspace       used 101797K, capacity 104182K, committed 104316K, reserved 1140736K
  class space    used 13075K, capacity 13978K, committed 14028K, reserved 1048576K
GC Heap History (20 events):
Event: 31.257 GC heap after
{Heap after GC invocations=23 (full 0):
 garbage-first heap   total 226304K, used 96146K [0x0000000080000000, 0x0000000100000000)
  region size 1024K, 6 young (6144K), 6 survivors (6144K)
 Metaspace       used 91252K, capacity 93453K, committed 93692K, reserved 1130496K
  class space    used 11562K, capacity 12342K, committed 12364K, reserved 1048576K
}
Event: 32.203 GC heap before
{Heap before GC invocations=23 (full 0):
 garbage-first heap   total 226304K, used 173970K [0x0000000080000000, 0x0000000100000000)
  region size 1024K, 83 young (84992K), 6 survivors (6144K)
 Metaspace       used 93586K, capacity 95875K, committed 96124K, reserved 1132544K
  class space    used 11885K, capacity 12730K, committed 12748K, reserved 1048576K
}
Event: 32.230 GC heap after
{Heap after GC invocations=24 (full 0):
 garbage-first heap   total 226304K, used 99290K [0x0000000080000000, 0x0000000100000000)
  region size 1024K, 9 young (9216K), 9 survivors (9216K)
 Metaspace       used 93586K, capacity 95875K, committed 96124K, reserved 1132544K
  class space    used 11885K, capacity 12730K, committed 12748K, reserved 1048576K
}
Event: 33.132 GC heap before
{Heap before GC invocations=24 (full 0):
 garbage-first heap   total 226304K, used 177114K [0x0000000080000000, 0x0000000100000000)
  region size 1024K, 86 young (88064K), 9 survivors (9216K)
 Metaspace       used 95466K, capacity 97745K, committed 97916K, reserved 1134592K
  class space    used 12102K, capacity 12924K, committed 13004K, reserved 1048576K
}
Event: 33.156 GC heap after
{Heap after GC invocations=25 (full 0):
 garbage-first heap   total 226304K, used 103527K [0x0000000080000000, 0x0000000100000000)
  region size 1024K, 8 young (8192K), 8 survivors (8192K)
 Metaspace       used 95466K, capacity 97745K, committed 97916K, reserved 1134592K
  class space    used 12102K, capacity 12924K, committed 13004K, reserved 1048576K
}
Event: 33.630 GC heap before
{Heap before GC invocations=25 (full 0):
 garbage-first heap   total 226304K, used 137319K [0x0000000080000000, 0x0000000100000000)
  region size 1024K, 38 young (38912K), 8 survivors (8192K)
 Metaspace       used 96232K, capacity 98513K, committed 98812K, reserved 1134592K
  class space    used 12181K, capacity 13007K, committed 13132K, reserved 1048576K
}
Event: 33.651 GC heap after
{Heap after GC invocations=26 (full 0):
 garbage-first heap   total 226304K, used 111616K [0x0000000080000000, 0x0000000100000000)
  region size 1024K, 7 young (7168K), 7 survivors (7168K)
 Metaspace       used 96232K, capacity 98513K, committed 98812K, reserved 1134592K
  class space    used 12181K, capacity 13007K, committed 13132K, reserved 1048576K
}
Event: 34.576 GC heap before
{Heap before GC invocations=27 (full 0):
 garbage-first heap   total 226304K, used 141312K [0x0000000080000000, 0x0000000100000000)
  region size 1024K, 29 young (29696K), 7 survivors (7168K)
 Metaspace       used 99059K, capacity 101413K, committed 101756K, reserved 1138688K
  class space    used 12570K, capacity 13420K, committed 13516K, reserved 1048576K
}
Event: 34.600 GC heap after
{Heap after GC invocations=28 (full 0):
 garbage-first heap   total 226304K, used 128999K [0x0000000080000000, 0x0000000100000000)
  region size 1024K, 10 young (10240K), 10 survivors (10240K)
 Metaspace       used 99059K, capacity 101413K, committed 101756K, reserved 1138688K
  class space    used 12570K, capacity 13420K, committed 13516K, reserved 1048576K
}
Event: 35.346 GC heap before
{Heap before GC invocations=29 (full 0):
 garbage-first heap   total 226304K, used 209895K [0x0000000080000000, 0x0000000100000000)
  region size 1024K, 56 young (57344K), 10 survivors (10240K)
 Metaspace       used 99388K, capacity 101709K, committed 102012K, reserved 1138688K
  class space    used 12613K, capacity 13454K, committed 13516K, reserved 1048576K
}
Event: 35.391 GC heap after
{Heap after GC invocations=30 (full 0):
 garbage-first heap   total 239616K, used 161595K [0x0000000080000000, 0x0000000100000000)
  region size 1024K, 7 young (7168K), 7 survivors (7168K)
 Metaspace       used 99388K, capacity 101709K, committed 102012K, reserved 1138688K
  class space    used 12613K, capacity 13454K, committed 13516K, reserved 1048576K
}
Event: 35.608 GC heap before
{Heap before GC invocations=30 (full 0):
 garbage-first heap   total 239616K, used 173883K [0x0000000080000000, 0x0000000100000000)
  region size 1024K, 20 young (20480K), 7 survivors (7168K)
 Metaspace       used 99388K, capacity 101709K, committed 102012K, reserved 1138688K
  class space    used 12613K, capacity 13454K, committed 13516K, reserved 1048576K
}
Event: 35.637 GC heap after
{Heap after GC invocations=31 (full 0):
 garbage-first heap   total 287744K, used 167533K [0x0000000080000000, 0x0000000100000000)
  region size 1024K, 5 young (5120K), 5 survivors (5120K)
 Metaspace       used 99388K, capacity 101709K, committed 102012K, reserved 1138688K
  class space    used 12613K, capacity 13454K, committed 13516K, reserved 1048576K
}
Event: 36.466 GC heap before
{Heap before GC invocations=32 (full 0):
 garbage-first heap   total 287744K, used 212589K [0x0000000080000000, 0x0000000100000000)
  region size 1024K, 45 young (46080K), 5 survivors (5120K)
 Metaspace       used 100540K, capacity 102944K, committed 103036K, reserved 1138688K
  class space    used 12908K, capacity 13760K, committed 13772K, reserved 1048576K
}
Event: 36.521 GC heap after
{Heap after GC invocations=33 (full 0):
 garbage-first heap   total 287744K, used 185850K [0x0000000080000000, 0x0000000100000000)
  region size 1024K, 6 young (6144K), 6 survivors (6144K)
 Metaspace       used 100540K, capacity 102944K, committed 103036K, reserved 1138688K
  class space    used 12908K, capacity 13760K, committed 13772K, reserved 1048576K
}
Event: 37.089 GC heap before
{Heap before GC invocations=33 (full 0):
 garbage-first heap   total 287744K, used 218618K [0x0000000080000000, 0x0000000100000000)
  region size 1024K, 39 young (39936K), 6 survivors (6144K)
 Metaspace       used 101747K, capacity 104179K, committed 104316K, reserved 1140736K
  class space    used 13075K, capacity 13978K, committed 14028K, reserved 1048576K
}
Event: 37.150 GC heap after
{Heap after GC invocations=34 (full 0):
 garbage-first heap   total 287744K, used 201728K [0x0000000080000000, 0x0000000100000000)
  region size 1024K, 5 young (5120K), 5 survivors (5120K)
 Metaspace       used 101747K, capacity 104179K, committed 104316K, reserved 1140736K
  class space    used 13075K, capacity 13978K, committed 14028K, reserved 1048576K
}
Event: 37.725 GC heap before
{Heap before GC invocations=34 (full 0):
 garbage-first heap   total 287744K, used 227328K [0x0000000080000000, 0x0000000100000000)
  region size 1024K, 31 young (31744K), 5 survivors (5120K)
 Metaspace       used 101795K, capacity 104182K, committed 104316K, reserved 1140736K
  class space    used 13075K, capacity 13978K, committed 14028K, reserved 1048576K
}
Event: 37.771 GC heap after
{Heap after GC invocations=35 (full 0):
 garbage-first heap   total 287744K, used 215552K [0x0000000080000000, 0x0000000100000000)
  region size 1024K, 4 young (4096K), 4 survivors (4096K)
 Metaspace       used 101795K, capacity 104182K, committed 104316K, reserved 1140736K
  class space    used 13075K, capacity 13978K, committed 14028K, reserved 1048576K
}
Event: 38.074 GC heap before
{Heap before GC invocations=35 (full 0):
 garbage-first heap   total 287744K, used 233984K [0x0000000080000000, 0x0000000100000000)
  region size 1024K, 23 young (23552K), 4 survivors (4096K)
 Metaspace       used 101797K, capacity 104182K, committed 104316K, reserved 1140736K
  class space    used 13075K, capacity 13978K, committed 14028K, reserved 1048576K
}

