# JRE version: OpenJDK Runtime Environment (11.0.13) (build 11.0.13+0-b1751.21-8125866)
# Java VM: OpenJDK 64-Bit Server VM (11.0.13+0-b1751.21-8125866, mixed mode, tiered, compressed oops, g1 gc, windows-amd64)
Heap:
 garbage-first heap   total 352256K, used 225792K [0x0000000080000000, 0x0000000100000000)
  region size 1024K, 16 young (16384K), 2 survivors (2048K)
 Metaspace       used 101719K, capacity 104125K, committed 104244K, reserved 1140736K
  class space    used 13077K, capacity 13985K, committed 14028K, reserved 1048576K
GC Heap History (20 events):
Event: 27.797 GC heap before
{Heap before GC invocations=19 (full 0):
 garbage-first heap   total 208896K, used 163712K [0x0000000080000000, 0x0000000100000000)
  region size 1024K, 96 young (98304K), 13 survivors (13312K)
 Metaspace       used 90393K, capacity 92548K, committed 92852K, reserved 1130496K
  class space    used 11504K, capacity 12270K, committed 12364K, reserved 1048576K
}
Event: 27.836 GC heap after
{Heap after GC invocations=20 (full 0):
 garbage-first heap   total 208896K, used 87040K [0x0000000080000000, 0x0000000100000000)
  region size 1024K, 7 young (7168K), 7 survivors (7168K)
 Metaspace       used 90393K, capacity 92548K, committed 92852K, reserved 1130496K
  class space    used 11504K, capacity 12270K, committed 12364K, reserved 1048576K
}
Event: 29.278 GC heap before
{Heap before GC invocations=20 (full 0):
 garbage-first heap   total 208896K, used 165888K [0x0000000080000000, 0x0000000100000000)
  region size 1024K, 85 young (87040K), 7 survivors (7168K)
 Metaspace       used 90982K, capacity 93162K, committed 93364K, reserved 1130496K
  class space    used 11540K, capacity 12321K, committed 12364K, reserved 1048576K
}
Event: 29.308 GC heap after
{Heap after GC invocations=21 (full 0):
 garbage-first heap   total 250880K, used 92928K [0x0000000080000000, 0x0000000100000000)
  region size 1024K, 6 young (6144K), 6 survivors (6144K)
 Metaspace       used 90982K, capacity 93162K, committed 93364K, reserved 1130496K
  class space    used 11540K, capacity 12321K, committed 12364K, reserved 1048576K
}
Event: 31.059 GC heap before
{Heap before GC invocations=21 (full 0):
 garbage-first heap   total 250880K, used 187136K [0x0000000080000000, 0x0000000100000000)
  region size 1024K, 99 young (101376K), 6 survivors (6144K)
 Metaspace       used 92363K, capacity 94654K, committed 94900K, reserved 1132544K
  class space    used 11731K, capacity 12561K, committed 12620K, reserved 1048576K
}
Event: 31.085 GC heap after
{Heap after GC invocations=22 (full 0):
 garbage-first heap   total 250880K, used 99228K [0x0000000080000000, 0x0000000100000000)
  region size 1024K, 12 young (12288K), 12 survivors (12288K)
 Metaspace       used 92363K, capacity 94654K, committed 94900K, reserved 1132544K
  class space    used 11731K, capacity 12561K, committed 12620K, reserved 1048576K
}
Event: 32.362 GC heap before
{Heap before GC invocations=22 (full 0):
 garbage-first heap   total 250880K, used 193436K [0x0000000080000000, 0x0000000100000000)
  region size 1024K, 105 young (107520K), 12 survivors (12288K)
 Metaspace       used 94751K, capacity 97028K, committed 97332K, reserved 1134592K
  class space    used 12038K, capacity 12882K, committed 13004K, reserved 1048576K
}
Event: 32.395 GC heap after
{Heap after GC invocations=23 (full 0):
 garbage-first heap   total 250880K, used 102918K [0x0000000080000000, 0x0000000100000000)
  region size 1024K, 10 young (10240K), 10 survivors (10240K)
 Metaspace       used 94751K, capacity 97028K, committed 97332K, reserved 1134592K
  class space    used 12038K, capacity 12882K, committed 13004K, reserved 1048576K
}
Event: 34.231 GC heap before
{Heap before GC invocations=23 (full 0):
 garbage-first heap   total 250880K, used 189958K [0x0000000080000000, 0x0000000100000000)
  region size 1024K, 78 young (79872K), 10 survivors (10240K)
 Metaspace       used 99027K, capacity 101387K, committed 101684K, reserved 1138688K
  class space    used 12578K, capacity 13417K, committed 13516K, reserved 1048576K
}
Event: 34.262 GC heap after
{Heap after GC invocations=24 (full 0):
 garbage-first heap   total 250880K, used 131750K [0x0000000080000000, 0x0000000100000000)
  region size 1024K, 13 young (13312K), 13 survivors (13312K)
 Metaspace       used 99027K, capacity 101387K, committed 101684K, reserved 1138688K
  class space    used 12578K, capacity 13417K, committed 13516K, reserved 1048576K
}
Event: 35.352 GC heap before
{Heap before GC invocations=25 (full 0):
 garbage-first heap   total 250880K, used 218790K [0x0000000080000000, 0x0000000100000000)
  region size 1024K, 71 young (72704K), 13 survivors (13312K)
 Metaspace       used 99335K, capacity 101636K, committed 101940K, reserved 1138688K
  class space    used 12612K, capacity 13454K, committed 13516K, reserved 1048576K
}
Event: 35.518 GC heap after
{Heap after GC invocations=26 (full 0):
 garbage-first heap   total 256000K, used 165643K [0x0000000080000000, 0x0000000100000000)
  region size 1024K, 11 young (11264K), 11 survivors (11264K)
 Metaspace       used 99335K, capacity 101636K, committed 101940K, reserved 1138688K
  class space    used 12612K, capacity 13454K, committed 13516K, reserved 1048576K
}
Event: 36.219 GC heap before
{Heap before GC invocations=26 (full 0):
 garbage-first heap   total 256000K, used 209675K [0x0000000080000000, 0x0000000100000000)
  region size 1024K, 50 young (51200K), 11 survivors (11264K)
 Metaspace       used 100244K, capacity 102529K, committed 102708K, reserved 1138688K
  class space    used 12830K, capacity 13668K, committed 13772K, reserved 1048576K
}
Event: 36.284 GC heap after
{Heap after GC invocations=27 (full 0):
 garbage-first heap   total 256000K, used 183296K [0x0000000080000000, 0x0000000100000000)
  region size 1024K, 7 young (7168K), 7 survivors (7168K)
 Metaspace       used 100244K, capacity 102529K, committed 102708K, reserved 1138688K
  class space    used 12830K, capacity 13668K, committed 13772K, reserved 1048576K
}
Event: 36.820 GC heap before
{Heap before GC invocations=28 (full 0):
 garbage-first heap   total 256000K, used 208896K [0x0000000080000000, 0x0000000100000000)
  region size 1024K, 33 young (33792K), 7 survivors (7168K)
 Metaspace       used 101656K, capacity 104057K, committed 104244K, reserved 1140736K
  class space    used 13077K, capacity 13985K, committed 14028K, reserved 1048576K
}
Event: 36.887 GC heap after
{Heap after GC invocations=29 (full 0):
 garbage-first heap   total 256000K, used 195584K [0x0000000080000000, 0x0000000100000000)
  region size 1024K, 5 young (5120K), 5 survivors (5120K)
 Metaspace       used 101656K, capacity 104057K, committed 104244K, reserved 1140736K
  class space    used 13077K, capacity 13985K, committed 14028K, reserved 1048576K
}
Event: 37.028 GC heap before
{Heap before GC invocations=29 (full 0):
 garbage-first heap   total 256000K, used 214016K [0x0000000080000000, 0x0000000100000000)
  region size 1024K, 23 young (23552K), 5 survivors (5120K)
 Metaspace       used 101670K, capacity 104060K, committed 104244K, reserved 1140736K
  class space    used 13077K, capacity 13985K, committed 14028K, reserved 1048576K
}
Event: 37.058 GC heap after
{Heap after GC invocations=30 (full 0):
 garbage-first heap   total 256000K, used 205824K [0x0000000080000000, 0x0000000100000000)
  region size 1024K, 3 young (3072K), 3 survivors (3072K)
 Metaspace       used 101670K, capacity 104060K, committed 104244K, reserved 1140736K
  class space    used 13077K, capacity 13985K, committed 14028K, reserved 1048576K
}
Event: 37.420 GC heap before
{Heap before GC invocations=30 (full 0):
 garbage-first heap   total 256000K, used 218112K [0x0000000080000000, 0x0000000100000000)
  region size 1024K, 15 young (15360K), 3 survivors (3072K)
 Metaspace       used 101716K, capacity 104124K, committed 104244K, reserved 1140736K
  class space    used 13077K, capacity 13985K, committed 14028K, reserved 1048576K
}
Event: 37.443 GC heap after
{Heap after GC invocations=31 (full 0):
 garbage-first heap   total 352256K, used 212480K [0x0000000080000000, 0x0000000100000000)
  region size 1024K, 2 young (2048K), 2 survivors (2048K)
 Metaspace       used 101716K, capacity 104124K, committed 104244K, reserved 1140736K
  class space    used 13077K, capacity 13985K, committed 14028K, reserved 1048576K
}

