# JRE version: OpenJDK Runtime Environment (11.0.13) (build 11.0.13+0-b1751.21-8125866)
# Java VM: OpenJDK 64-Bit Server VM (11.0.13+0-b1751.21-8125866, mixed mode, tiered, compressed oops, g1 gc, windows-amd64)
Heap:
 garbage-first heap   total 395264K, used 224768K [0x0000000080000000, 0x0000000100000000)
  region size 1024K, 3 young (3072K), 3 survivors (3072K)
 Metaspace       used 101753K, capacity 104133K, committed 104284K, reserved 1140736K
  class space    used 13079K, capacity 13982K, committed 14080K, reserved 1048576K
GC Heap History (20 events):
Event: 30.281 GC heap after
{Heap after GC invocations=24 (full 0):
 garbage-first heap   total 229376K, used 99416K [0x0000000080000000, 0x0000000100000000)
  region size 1024K, 10 young (10240K), 10 survivors (10240K)
 Metaspace       used 93575K, capacity 95852K, committed 96092K, reserved 1132544K
  class space    used 11898K, capacity 12742K, committed 12800K, reserved 1048576K
}
Event: 31.475 GC heap before
{Heap before GC invocations=24 (full 0):
 garbage-first heap   total 229376K, used 180312K [0x0000000080000000, 0x0000000100000000)
  region size 1024K, 90 young (92160K), 10 survivors (10240K)
 Metaspace       used 95413K, capacity 97658K, committed 97884K, reserved 1134592K
  class space    used 12111K, capacity 12936K, committed 13056K, reserved 1048576K
}
Event: 31.501 GC heap after
{Heap after GC invocations=25 (full 0):
 garbage-first heap   total 229376K, used 103424K [0x0000000080000000, 0x0000000100000000)
  region size 1024K, 8 young (8192K), 8 survivors (8192K)
 Metaspace       used 95413K, capacity 97658K, committed 97884K, reserved 1134592K
  class space    used 12111K, capacity 12936K, committed 13056K, reserved 1048576K
}
Event: 32.233 GC heap before
{Heap before GC invocations=25 (full 0):
 garbage-first heap   total 229376K, used 145408K [0x0000000080000000, 0x0000000100000000)
  region size 1024K, 43 young (44032K), 8 survivors (8192K)
 Metaspace       used 96232K, capacity 98501K, committed 98652K, reserved 1134592K
  class space    used 12190K, capacity 13020K, committed 13056K, reserved 1048576K
}
Event: 32.259 GC heap after
{Heap after GC invocations=26 (full 0):
 garbage-first heap   total 229376K, used 119324K [0x0000000080000000, 0x0000000100000000)
  region size 1024K, 11 young (11264K), 11 survivors (11264K)
 Metaspace       used 96232K, capacity 98501K, committed 98652K, reserved 1134592K
  class space    used 12190K, capacity 13020K, committed 13056K, reserved 1048576K
}
Event: 33.002 GC heap before
{Heap before GC invocations=27 (full 0):
 garbage-first heap   total 229376K, used 139804K [0x0000000080000000, 0x0000000100000000)
  region size 1024K, 27 young (27648K), 11 survivors (11264K)
 Metaspace       used 98990K, capacity 101291K, committed 101724K, reserved 1138688K
  class space    used 12571K, capacity 13419K, committed 13568K, reserved 1048576K
}
Event: 33.024 GC heap after
{Heap after GC invocations=28 (full 0):
 garbage-first heap   total 229376K, used 129722K [0x0000000080000000, 0x0000000100000000)
  region size 1024K, 4 young (4096K), 4 survivors (4096K)
 Metaspace       used 98990K, capacity 101291K, committed 101724K, reserved 1138688K
  class space    used 12571K, capacity 13419K, committed 13568K, reserved 1048576K
}
Event: 33.779 GC heap before
{Heap before GC invocations=29 (full 0):
 garbage-first heap   total 229376K, used 203450K [0x0000000080000000, 0x0000000100000000)
  region size 1024K, 43 young (44032K), 4 survivors (4096K)
 Metaspace       used 99305K, capacity 101590K, committed 101980K, reserved 1138688K
  class space    used 12614K, capacity 13454K, committed 13568K, reserved 1048576K
}
Event: 33.800 GC heap after
{Heap after GC invocations=30 (full 0):
 garbage-first heap   total 229376K, used 158539K [0x0000000080000000, 0x0000000100000000)
  region size 1024K, 6 young (6144K), 6 survivors (6144K)
 Metaspace       used 99305K, capacity 101590K, committed 101980K, reserved 1138688K
  class space    used 12614K, capacity 13454K, committed 13568K, reserved 1048576K
}
Event: 33.996 GC heap before
{Heap before GC invocations=30 (full 0):
 garbage-first heap   total 229376K, used 176971K [0x0000000080000000, 0x0000000100000000)
  region size 1024K, 26 young (26624K), 6 survivors (6144K)
 Metaspace       used 99308K, capacity 101590K, committed 101980K, reserved 1138688K
  class space    used 12614K, capacity 13454K, committed 13568K, reserved 1048576K
}
Event: 34.027 GC heap after
{Heap after GC invocations=31 (full 0):
 garbage-first heap   total 229376K, used 165888K [0x0000000080000000, 0x0000000100000000)
  region size 1024K, 4 young (4096K), 4 survivors (4096K)
 Metaspace       used 99308K, capacity 101590K, committed 101980K, reserved 1138688K
  class space    used 12614K, capacity 13454K, committed 13568K, reserved 1048576K
}
Event: 34.298 GC heap before
{Heap before GC invocations=31 (full 0):
 garbage-first heap   total 229376K, used 188416K [0x0000000080000000, 0x0000000100000000)
  region size 1024K, 24 young (24576K), 4 survivors (4096K)
 Metaspace       used 99308K, capacity 101590K, committed 101980K, reserved 1138688K
  class space    used 12614K, capacity 13454K, committed 13568K, reserved 1048576K
}
Event: 34.338 GC heap after
{Heap after GC invocations=32 (full 0):
 garbage-first heap   total 275456K, used 175794K [0x0000000080000000, 0x0000000100000000)
  region size 1024K, 3 young (3072K), 3 survivors (3072K)
 Metaspace       used 99308K, capacity 101590K, committed 101980K, reserved 1138688K
  class space    used 12614K, capacity 13454K, committed 13568K, reserved 1048576K
}
Event: 35.098 GC heap before
{Heap before GC invocations=33 (full 0):
 garbage-first heap   total 275456K, used 210610K [0x0000000080000000, 0x0000000100000000)
  region size 1024K, 36 young (36864K), 3 survivors (3072K)
 Metaspace       used 101649K, capacity 104060K, committed 104284K, reserved 1140736K
  class space    used 13077K, capacity 13981K, committed 14080K, reserved 1048576K
}
Event: 35.152 GC heap after
{Heap after GC invocations=34 (full 0):
 garbage-first heap   total 275456K, used 190853K [0x0000000080000000, 0x0000000100000000)
  region size 1024K, 5 young (5120K), 5 survivors (5120K)
 Metaspace       used 101649K, capacity 104060K, committed 104284K, reserved 1140736K
  class space    used 13077K, capacity 13981K, committed 14080K, reserved 1048576K
}
Event: 35.416 GC heap before
{Heap before GC invocations=34 (full 0):
 garbage-first heap   total 275456K, used 217477K [0x0000000080000000, 0x0000000100000000)
  region size 1024K, 32 young (32768K), 5 survivors (5120K)
 Metaspace       used 101708K, capacity 104068K, committed 104284K, reserved 1140736K
  class space    used 13079K, capacity 13982K, committed 14080K, reserved 1048576K
}
Event: 35.476 GC heap after
{Heap after GC invocations=35 (full 0):
 garbage-first heap   total 275456K, used 205273K [0x0000000080000000, 0x0000000100000000)
  region size 1024K, 4 young (4096K), 4 survivors (4096K)
 Metaspace       used 101708K, capacity 104068K, committed 104284K, reserved 1140736K
  class space    used 13079K, capacity 13982K, committed 14080K, reserved 1048576K
}
Event: 35.918 GC heap before
{Heap before GC invocations=35 (full 0):
 garbage-first heap   total 275456K, used 225753K [0x0000000080000000, 0x0000000100000000)
  region size 1024K, 24 young (24576K), 4 survivors (4096K)
 Metaspace       used 101752K, capacity 104133K, committed 104284K, reserved 1140736K
  class space    used 13079K, capacity 13982K, committed 14080K, reserved 1048576K
}
Event: 35.948 GC heap after
{Heap after GC invocations=36 (full 0):
 garbage-first heap   total 275456K, used 216064K [0x0000000080000000, 0x0000000100000000)
  region size 1024K, 3 young (3072K), 3 survivors (3072K)
 Metaspace       used 101752K, capacity 104133K, committed 104284K, reserved 1140736K
  class space    used 13079K, capacity 13982K, committed 14080K, reserved 1048576K
}
Event: 36.087 GC heap before
{Heap before GC invocations=36 (full 0):
 garbage-first heap   total 275456K, used 231424K [0x0000000080000000, 0x0000000100000000)
  region size 1024K, 18 young (18432K), 3 survivors (3072K)
 Metaspace       used 101753K, capacity 104133K, committed 104284K, reserved 1140736K
  class space    used 13079K, capacity 13982K, committed 14080K, reserved 1048576K
}

