# JRE version: OpenJDK Runtime Environment (11.0.13) (build 11.0.13+0-b1751.21-8125866)
# Java VM: OpenJDK 64-Bit Server VM (11.0.13+0-b1751.21-8125866, mixed mode, tiered, compressed oops, g1 gc, windows-amd64)
Heap:
 garbage-first heap   total 399360K, used 233984K [0x0000000080000000, 0x0000000100000000)
  region size 1024K, 3 young (3072K), 3 survivors (3072K)
 Metaspace       used 101800K, capacity 104128K, committed 104308K, reserved 1140736K
  class space    used 13080K, capacity 13982K, committed 14080K, reserved 1048576K
GC Heap History (20 events):
Event: 32.528 GC heap after
{Heap after GC invocations=25 (full 0):
 garbage-first heap   total 227328K, used 105077K [0x0000000080000000, 0x0000000100000000)
  region size 1024K, 8 young (8192K), 8 survivors (8192K)
 Metaspace       used 95597K, capacity 97839K, committed 98036K, reserved 1134592K
  class space    used 12123K, capacity 12928K, committed 12928K, reserved 1048576K
}
Event: 32.667 GC heap before
{Heap before GC invocations=25 (full 0):
 garbage-first heap   total 227328K, used 122485K [0x0000000080000000, 0x0000000100000000)
  region size 1024K, 22 young (22528K), 8 survivors (8192K)
 Metaspace       used 95719K, capacity 97909K, committed 98164K, reserved 1134592K
  class space    used 12132K, capacity 12929K, committed 13056K, reserved 1048576K
}
Event: 32.695 GC heap after
{Heap after GC invocations=26 (full 0):
 garbage-first heap   total 227328K, used 112100K [0x0000000080000000, 0x0000000100000000)
  region size 1024K, 6 young (6144K), 6 survivors (6144K)
 Metaspace       used 95719K, capacity 97909K, committed 98164K, reserved 1134592K
  class space    used 12132K, capacity 12929K, committed 13056K, reserved 1048576K
}
Event: 33.576 GC heap before
{Heap before GC invocations=27 (full 0):
 garbage-first heap   total 227328K, used 145892K [0x0000000080000000, 0x0000000100000000)
  region size 1024K, 32 young (32768K), 6 survivors (6144K)
 Metaspace       used 99058K, capacity 101348K, committed 101620K, reserved 1138688K
  class space    used 12572K, capacity 13420K, committed 13440K, reserved 1048576K
}
Event: 33.598 GC heap after
{Heap after GC invocations=28 (full 0):
 garbage-first heap   total 227328K, used 130292K [0x0000000080000000, 0x0000000100000000)
  region size 1024K, 10 young (10240K), 10 survivors (10240K)
 Metaspace       used 99058K, capacity 101348K, committed 101620K, reserved 1138688K
  class space    used 12572K, capacity 13420K, committed 13440K, reserved 1048576K
}
Event: 34.374 GC heap before
{Heap before GC invocations=29 (full 0):
 garbage-first heap   total 227328K, used 208116K [0x0000000080000000, 0x0000000100000000)
  region size 1024K, 53 young (54272K), 10 survivors (10240K)
 Metaspace       used 99389K, capacity 101644K, committed 102004K, reserved 1138688K
  class space    used 12615K, capacity 13454K, committed 13568K, reserved 1048576K
}
Event: 34.411 GC heap after
{Heap after GC invocations=30 (full 0):
 garbage-first heap   total 236544K, used 161422K [0x0000000080000000, 0x0000000100000000)
  region size 1024K, 7 young (7168K), 7 survivors (7168K)
 Metaspace       used 99389K, capacity 101644K, committed 102004K, reserved 1138688K
  class space    used 12615K, capacity 13454K, committed 13568K, reserved 1048576K
}
Event: 34.573 GC heap before
{Heap before GC invocations=30 (full 0):
 garbage-first heap   total 236544K, used 176782K [0x0000000080000000, 0x0000000100000000)
  region size 1024K, 23 young (23552K), 7 survivors (7168K)
 Metaspace       used 99389K, capacity 101644K, committed 102004K, reserved 1138688K
  class space    used 12615K, capacity 13454K, committed 13568K, reserved 1048576K
}
Event: 34.602 GC heap after
{Heap after GC invocations=31 (full 0):
 garbage-first heap   total 236544K, used 167820K [0x0000000080000000, 0x0000000100000000)
  region size 1024K, 5 young (5120K), 5 survivors (5120K)
 Metaspace       used 99389K, capacity 101644K, committed 102004K, reserved 1138688K
  class space    used 12615K, capacity 13454K, committed 13568K, reserved 1048576K
}
Event: 34.992 GC heap before
{Heap before GC invocations=31 (full 0):
 garbage-first heap   total 236544K, used 192396K [0x0000000080000000, 0x0000000100000000)
  region size 1024K, 27 young (27648K), 5 survivors (5120K)
 Metaspace       used 99389K, capacity 101644K, committed 102004K, reserved 1138688K
  class space    used 12615K, capacity 13454K, committed 13568K, reserved 1048576K
}
Event: 35.038 GC heap after
{Heap after GC invocations=32 (full 0):
 garbage-first heap   total 236544K, used 178784K [0x0000000080000000, 0x0000000100000000)
  region size 1024K, 4 young (4096K), 4 survivors (4096K)
 Metaspace       used 99389K, capacity 101644K, committed 102004K, reserved 1138688K
  class space    used 12615K, capacity 13454K, committed 13568K, reserved 1048576K
}
Event: 35.336 GC heap before
{Heap before GC invocations=32 (full 0):
 garbage-first heap   total 236544K, used 198240K [0x0000000080000000, 0x0000000100000000)
  region size 1024K, 21 young (21504K), 4 survivors (4096K)
 Metaspace       used 100234K, capacity 102484K, committed 102644K, reserved 1138688K
  class space    used 12800K, capacity 13673K, committed 13696K, reserved 1048576K
}
Event: 35.382 GC heap after
{Heap after GC invocations=33 (full 0):
 garbage-first heap   total 284672K, used 187392K [0x0000000080000000, 0x0000000100000000)
  region size 1024K, 3 young (3072K), 3 survivors (3072K)
 Metaspace       used 100234K, capacity 102484K, committed 102644K, reserved 1138688K
  class space    used 12800K, capacity 13673K, committed 13696K, reserved 1048576K
}
Event: 36.096 GC heap before
{Heap before GC invocations=34 (full 0):
 garbage-first heap   total 284672K, used 218112K [0x0000000080000000, 0x0000000100000000)
  region size 1024K, 34 young (34816K), 3 survivors (3072K)
 Metaspace       used 101745K, capacity 104061K, committed 104308K, reserved 1140736K
  class space    used 13080K, capacity 13982K, committed 14080K, reserved 1048576K
}
Event: 36.144 GC heap after
{Heap after GC invocations=35 (full 0):
 garbage-first heap   total 284672K, used 202080K [0x0000000080000000, 0x0000000100000000)
  region size 1024K, 5 young (5120K), 5 survivors (5120K)
 Metaspace       used 101745K, capacity 104061K, committed 104308K, reserved 1140736K
  class space    used 13080K, capacity 13982K, committed 14080K, reserved 1048576K
}
Event: 36.341 GC heap before
{Heap before GC invocations=35 (full 0):
 garbage-first heap   total 284672K, used 226656K [0x0000000080000000, 0x0000000100000000)
  region size 1024K, 29 young (29696K), 5 survivors (5120K)
 Metaspace       used 101757K, capacity 104127K, committed 104308K, reserved 1140736K
  class space    used 13080K, capacity 13982K, committed 14080K, reserved 1048576K
}
Event: 36.382 GC heap after
{Heap after GC invocations=36 (full 0):
 garbage-first heap   total 284672K, used 215040K [0x0000000080000000, 0x0000000100000000)
  region size 1024K, 4 young (4096K), 4 survivors (4096K)
 Metaspace       used 101757K, capacity 104127K, committed 104308K, reserved 1140736K
  class space    used 13080K, capacity 13982K, committed 14080K, reserved 1048576K
}
Event: 36.814 GC heap before
{Heap before GC invocations=36 (full 0):
 garbage-first heap   total 284672K, used 234496K [0x0000000080000000, 0x0000000100000000)
  region size 1024K, 23 young (23552K), 4 survivors (4096K)
 Metaspace       used 101800K, capacity 104128K, committed 104308K, reserved 1140736K
  class space    used 13080K, capacity 13982K, committed 14080K, reserved 1048576K
}
Event: 36.842 GC heap after
{Heap after GC invocations=37 (full 0):
 garbage-first heap   total 284672K, used 225792K [0x0000000080000000, 0x0000000100000000)
  region size 1024K, 3 young (3072K), 3 survivors (3072K)
 Metaspace       used 101800K, capacity 104128K, committed 104308K, reserved 1140736K
  class space    used 13080K, capacity 13982K, committed 14080K, reserved 1048576K
}
Event: 37.114 GC heap before
{Heap before GC invocations=37 (full 0):
 garbage-first heap   total 284672K, used 240128K [0x0000000080000000, 0x0000000100000000)
  region size 1024K, 17 young (17408K), 3 survivors (3072K)
 Metaspace       used 101800K, capacity 104128K, committed 104308K, reserved 1140736K
  class space    used 13080K, capacity 13982K, committed 14080K, reserved 1048576K
}

